<?xml version="1.0" encoding="UTF-8"?>
<testng-results ignored="0" total="2" passed="2" failed="0" skipped="0">
  <reporter-output>
  </reporter-output>
  <suite started-at="2024-09-10T21:01:47 IST" name="Suite" finished-at="2024-09-10T21:01:55 IST" duration-ms="7816">
    <groups>
    </groups>
    <test started-at="2024-09-10T21:01:47 IST" name="Test" finished-at="2024-09-10T21:01:55 IST" duration-ms="7816">
      <class name="maventestngpackage.Checking">
        <test-method is-config="true" signature="setUp()[pri:0, instance:maventestngpackage.Checking@6253c26]" started-at="2024-09-10T21:01:47 IST" name="setUp" finished-at="2024-09-10T21:01:49 IST" duration-ms="2642" status="PASS">
          <reporter-output>
          </reporter-output>
        </test-method> <!-- setUp -->
        <test-method signature="testOpenBrowser()[pri:1, instance:maventestngpackage.Checking@6253c26]" started-at="2024-09-10T21:01:49 IST" name="testOpenBrowser" finished-at="2024-09-10T21:01:54 IST" duration-ms="4095" status="PASS">
          <reporter-output>
          </reporter-output>
        </test-method> <!-- testOpenBrowser -->
        <test-method signature="searchText()[pri:0, instance:maventestngpackage.Checking@6253c26]" started-at="2024-09-10T21:01:54 IST" name="searchText" finished-at="2024-09-10T21:01:54 IST" depends-on-methods="maventestngpackage.Checking.testOpenBrowser" duration-ms="339" status="PASS">
          <reporter-output>
          </reporter-output>
        </test-method> <!-- searchText -->
        <test-method is-config="true" signature="tearDown()[pri:0, instance:maventestngpackage.Checking@6253c26]" started-at="2024-09-10T21:01:54 IST" name="tearDown" finished-at="2024-09-10T21:01:55 IST" duration-ms="714" status="PASS">
          <reporter-output>
          </reporter-output>
        </test-method> <!-- tearDown -->
      </class> <!-- maventestngpackage.Checking -->
    </test> <!-- Test -->
  </suite> <!-- Suite -->
</testng-results>
